<?xml version="1.0" encoding="UTF-8"?>
<!-- Generated by org.testng.reporters.JUnitXMLReporter -->
<testsuite ignored="0" hostname="Svetlana" failures="0" tests="4" name="FileUploaderTest" time="7.026" errors="0" timestamp="2026-03-11T16:46:35 ADT">
  <testcase classname="com.herokuapp.theinternet.fileuploaderpagetests.FileUploaderTests" name="fileUploadTest" time="0.864"/>
  <testcase classname="com.herokuapp.theinternet.fileuploaderpagetests.FileUploaderTests" name="fileUploadTest" time="1.049"/>
  <testcase classname="com.herokuapp.theinternet.fileuploaderpagetests.FileUploaderTests" name="fileUploadTest" time="0.852"/>
  <testcase classname="com.herokuapp.theinternet.fileuploaderpagetests.FileUploaderTests" name="fileUploadTest" time="0.84"/>
</testsuite> <!-- FileUploaderTest -->
