<?xml version="1.0" encoding="UTF-8"?>
<!-- Generated by org.testng.reporters.JUnitXMLReporter -->
<testsuite ignored="0" hostname="Svetlana" failures="0" tests="4" name="AlertsTest" time="8.545" errors="0" timestamp="2026-03-02T22:21:59 AST">
  <testcase classname="com.herokuapp.theinternet.alertspagetests.JavaScriptAlertsTests" name="jsAlertTest" time="1.48"/>
  <testcase classname="com.herokuapp.theinternet.alertspagetests.JavaScriptAlertsTests" name="jsConirmTestAccept" time="0.917"/>
  <testcase classname="com.herokuapp.theinternet.alertspagetests.JavaScriptAlertsTests" name="jsConirmTestDismiss" time="0.784"/>
  <testcase classname="com.herokuapp.theinternet.alertspagetests.JavaScriptAlertsTests" name="jsPromptTest" time="0.831"/>
</testsuite> <!-- AlertsTest -->
