<?xml version="1.0" encoding="UTF-8"?>
<!-- Generated by org.testng.reporters.JUnitXMLReporter -->
<testsuite ignored="0" hostname="Svetlana" failures="1" tests="1" name="PositiveTest" time="4.372" errors="0" timestamp="2026-02-25T16:45:17 AST">
  <testcase classname="com.herokuapp.theinternet.PositiveTests" name="logInTest" time="4.328">
    <failure type="java.lang.AssertionError" message="expected [http://the-internet.herokuapp.com/secure] but found [https://the-internet.herokuapp.com/secure]">
      <![CDATA[java.lang.AssertionError: expected [http://the-internet.herokuapp.com/secure] but found [https://the-internet.herokuapp.com/secure]
at com.herokuapp.theinternet.PositiveTests.logInTest(PositiveTests.java:51)
at java.base/java.util.ArrayList.forEach(ArrayList.java:1597)
... Removed 31 stack frames]]>
    </failure>
  </testcase> <!-- logInTest -->
</testsuite> <!-- PositiveTest -->
