<?xml version="1.0" encoding="UTF-8"?>
<!-- Generated by org.testng.reporters.JUnitXMLReporter -->
<testsuite ignored="1" hostname="Svetlana" failures="0" tests="1" name="KeyPressesTest-CH" time="2.256" errors="0" timestamp="2026-03-04T16:11:00 AST">
  <testcase classname="com.herokuapp.theinternetkeypressestests.KeyPressesTests" name="pressKeyWithActionTest" time="0.806"/>
  <testcase classname="com.herokuapp.theinternetkeypressestests.KeyPressesTests" name="pressKeyTest" time="0.0">
    <ignored/>
  </testcase> <!-- pressKeyTest -->
</testsuite> <!-- KeyPressesTest-CH -->
