<?xml version="1.0" encoding="UTF-8"?>
<!-- Generated by org.testng.reporters.JUnitXMLReporter -->
<testsuite ignored="0" hostname="Svetlana" failures="0" tests="4" name="FileUploaderTest" time="7.148" errors="0" timestamp="2026-03-14T19:24:16 ADT">
  <testcase classname="com.herokuapp.theinternet.fileuploaderpagetests.FileUploaderTests" name="fileUploadTest" time="0.854"/>
  <testcase classname="com.herokuapp.theinternet.fileuploaderpagetests.FileUploaderTests" name="fileUploadTest" time="1.083"/>
  <testcase classname="com.herokuapp.theinternet.fileuploaderpagetests.FileUploaderTests" name="fileUploadTest" time="0.862"/>
  <testcase classname="com.herokuapp.theinternet.fileuploaderpagetests.FileUploaderTests" name="fileUploadTest" time="0.77"/>
</testsuite> <!-- FileUploaderTest -->
