<?xml version="1.0" encoding="UTF-8"?>
<!-- Generated by org.testng.reporters.JUnitXMLReporter -->
<testsuite ignored="0" hostname="Svetlana" failures="1" tests="4" name="AlertsTest" time="9.185" errors="0" timestamp="2026-03-12T19:39:22 ADT">
  <testcase classname="com.herokuapp.theinternet.alertspagetests.JavaScriptAlertsTests" name="jsAlertTest" time="0.981"/>
  <testcase classname="com.herokuapp.theinternet.alertspagetests.JavaScriptAlertsTests" name="jsConirmTestAccept" time="0.869"/>
  <testcase classname="com.herokuapp.theinternet.alertspagetests.JavaScriptAlertsTests" name="jsConirmTestDismiss" time="0.925"/>
  <testcase classname="com.herokuapp.theinternet.alertspagetests.JavaScriptAlertsTests" name="jsPromptTest" time="0.958">
    <failure type="java.lang.AssertionError" message="The following asserts failed:
	Alert Message is not correct. 
Should be &amp;apos;I am a JS prompt&amp;apos;, but it is &amp;apos;I am a JS prompt[FAIL]&amp;apos; expected [true] but found [false],
	Result is not expected. 
Should be You entered: Hello Alert, it&amp;apos;s Svetlana here, but it is &amp;apos;You entered: Hello Alert, it&amp;apos;s Svetlana here[FAIL]&amp;apos; expected [true] but found [false]">
      <![CDATA[java.lang.AssertionError: The following asserts failed:
Alert Message is not correct. 
Should be 'I am a JS prompt', but it is 'I am a JS prompt[FAIL]' expected [true] but found [false],
Result is not expected. 
Should be You entered: Hello Alert, it's Svetlana here, but it is 'You entered: Hello Alert, it's Svetlana here[FAIL]' expected [true] but found [false]
at com.herokuapp.theinternet.alertspagetests.JavaScriptAlertsTests.jsPromptTest(JavaScriptAlertsTests.java:161)
at java.base/java.util.ArrayList.forEach(ArrayList.java:1597)
... Removed 27 stack frames]]>
    </failure>
  </testcase> <!-- jsPromptTest -->
</testsuite> <!-- AlertsTest -->
