<?xml version="1.0" encoding="UTF-8"?>
<testsuite xmlns:xsi="http://www.w3.org/2001/XMLSchema-instance" xsi:noNamespaceSchemaLocation="https://maven.apache.org/surefire/maven-surefire-plugin/xsd/surefire-test-report.xsd" name="TestSuite" time="19.246" tests="9" errors="0" skipped="0" failures="1">
  <properties>
[...]
</properties>
  <testcase name="logInTest" classname="com.herokuapp.theinternet.loginpagetests.PositiveLoginTests" time="1.796"/>
  <testcase name="jsAlertTest" classname="com.herokuapp.theinternet.alertspagetests.JavaScriptAlertsTests" time="0.955"/>
  <testcase name="jsConirmTestAccept" classname="com.herokuapp.theinternet.alertspagetests.JavaScriptAlertsTests" time="0.872"/>
  <testcase name="jsConirmTestDismiss" classname="com.herokuapp.theinternet.alertspagetests.JavaScriptAlertsTests" time="0.947"/>
  <testcase name="jsPromptTest" classname="com.herokuapp.theinternet.alertspagetests.JavaScriptAlertsTests" time="0.938">
    <failure message="The following asserts failed:&#10;	Alert Message is not correct. &#10;Should be &apos;I am a JS prompt&apos;, but it is &apos;I am a JS prompt[FAIL]&apos; expected [true] but found [false],&#10;	Result is not expected. &#10;Should be You entered: Hello Alert, it&apos;s Svetlana here, but it is &apos;You entered: Hello Alert, it&apos;s Svetlana here[FAIL]&apos; expected [true] but found [false]" type="java.lang.AssertionError">java.lang.AssertionError: 
The following asserts failed:
	Alert Message is not correct. 
Should be 'I am a JS prompt', but it is 'I am a JS prompt[FAIL]' expected [true] but found [false],
	Result is not expected. 
Should be You entered: Hello Alert, it's Svetlana here, but it is 'You entered: Hello Alert, it's Svetlana here[FAIL]' expected [true] but found [false]
	at com.herokuapp.theinternet.alertspagetests.JavaScriptAlertsTests.jsPromptTest(JavaScriptAlertsTests.java:161)
</failure>
    <system-out><![CDATA[[main] 19:24:07,488 INFO  [AlertsTest] [Test jsConirmTestDismiss passed]
[main] 19:24:07,488 INFO  [AlertsTest] Close driver
[main] 19:24:07,645 INFO  [AlertsTest] Create driver: chrome
[main] 19:24:08,361 INFO  [AlertsTest] [Starting jsPromptTest]
[main] 19:24:08,362 INFO  [AlertsTest] Starting JS Prompt test
[main] 19:24:08,362 INFO  [AlertsTest] Open page http://the-internet.herokuapp.com/
[main] 19:24:08,943 INFO  [AlertsTest] Page opened...
[main] 19:24:08,943 INFO  [AlertsTest] Clicking JavaScript Alerts link on Welcome Page
[main] 19:24:09,138 INFO  [AlertsTest] Select JS Propmt button to open alert
[main] 19:24:09,241 INFO  [AlertsTest] Alert says: I am a JS prompt
[main] 19:24:09,241 INFO  [AlertsTest] Switch to alert, type text and select OK button
[main] 19:24:09,291 INFO  [AlertsTest] Result text: You entered: Hello Alert, it's Svetlana here
]]></system-out>
  </testcase>
  <testcase name="fileUploadTest" classname="com.herokuapp.theinternet.fileuploaderpagetests.FileUploaderTests" time="0.852"/>
  <testcase name="fileUploadTest" classname="com.herokuapp.theinternet.fileuploaderpagetests.FileUploaderTests" time="1.083"/>
  <testcase name="fileUploadTest" classname="com.herokuapp.theinternet.fileuploaderpagetests.FileUploaderTests" time="0.861"/>
  <testcase name="fileUploadTest" classname="com.herokuapp.theinternet.fileuploaderpagetests.FileUploaderTests" time="0.769"/>
</testsuite>