<?xml version="1.0" encoding="UTF-8"?>
<testng-results ignored="0" total="1" passed="1" failed="0" skipped="0">
  <reporter-output>
  </reporter-output>
  <suite started-at="2026-03-14T22:48:40 ADT" name="PositiveLoginTestSuite" finished-at="2026-03-14T22:48:44 ADT" duration-ms="3919">
    <groups>
    </groups>
    <test started-at="2026-03-14T22:48:40 ADT" name="PositiveLoginTest" finished-at="2026-03-14T22:48:44 ADT" duration-ms="3919">
      <class name="com.herokuapp.theinternet.loginpagetests.PositiveLoginTests">
        <test-method is-config="true" signature="setUp(java.lang.reflect.Method,java.lang.String,org.testng.ITestContext)[pri:0, instance:com.herokuapp.theinternet.loginpagetests.PositiveLoginTests@6dc17b83]" started-at="2026-03-14T22:48:40 ADT" name="setUp" finished-at="2026-03-14T22:48:42 ADT" duration-ms="1670" status="PASS">
          <params>
            <param index="0">
              <value>
                <![CDATA[public void com.herokuapp.theinternet.loginpagetests.PositiveLoginTests.logInTest()]]>
              </value>
            </param>
            <param index="1">
              <value>
                <![CDATA[chrome]]>
              </value>
            </param>
            <param index="2">
              <value>
                <![CDATA[org.testng.TestRunner@378bd86d]]>
              </value>
            </param>
          </params>
          <reporter-output>
          </reporter-output>
        </test-method> <!-- setUp -->
        <test-method signature="logInTest()[pri:0, instance:com.herokuapp.theinternet.loginpagetests.PositiveLoginTests@6dc17b83]" started-at="2026-03-14T22:48:42 ADT" name="logInTest" finished-at="2026-03-14T22:48:44 ADT" duration-ms="1803" status="PASS">
          <reporter-output>
          </reporter-output>
        </test-method> <!-- logInTest -->
        <test-method is-config="true" signature="tearDown()[pri:0, instance:com.herokuapp.theinternet.loginpagetests.PositiveLoginTests@6dc17b83]" started-at="2026-03-14T22:48:44 ADT" name="tearDown" finished-at="2026-03-14T22:48:44 ADT" duration-ms="136" status="PASS">
          <reporter-output>
          </reporter-output>
        </test-method> <!-- tearDown -->
      </class> <!-- com.herokuapp.theinternet.loginpagetests.PositiveLoginTests -->
    </test> <!-- PositiveLoginTest -->
  </suite> <!-- PositiveLoginTestSuite -->
</testng-results>
