<?xml version="1.0" encoding="UTF-8"?>
<testng-results ignored="0" total="9" passed="8" failed="1" skipped="0">
  <reporter-output>
  </reporter-output>
  <suite started-at="2026-03-14T19:23:57 ADT" name="SmokeTestSuite" finished-at="2026-03-14T19:24:16 ADT" duration-ms="18827">
    <groups>
    </groups>
    <test started-at="2026-03-14T19:23:57 ADT" name="PositiveLoginTest" finished-at="2026-03-14T19:24:02 ADT" duration-ms="4382">
      <class name="com.herokuapp.theinternet.loginpagetests.PositiveLoginTests">
        <test-method is-config="true" signature="setUp(java.lang.reflect.Method,java.lang.String,org.testng.ITestContext)[pri:0, instance:com.herokuapp.theinternet.loginpagetests.PositiveLoginTests@5e0826e7]" started-at="2026-03-14T19:23:58 ADT" name="setUp" finished-at="2026-03-14T19:24:00 ADT" duration-ms="2134" status="PASS">
          <params>
            <param index="0">
              <value>
                <![CDATA[public void com.herokuapp.theinternet.loginpagetests.PositiveLoginTests.logInTest()]]>
              </value>
            </param>
            <param index="1">
              <value>
                <![CDATA[chrome]]>
              </value>
            </param>
            <param index="2">
              <value>
                <![CDATA[org.testng.TestRunner@5c5d6175]]>
              </value>
            </param>
          </params>
          <reporter-output>
          </reporter-output>
        </test-method> <!-- setUp -->
        <test-method signature="logInTest()[pri:0, instance:com.herokuapp.theinternet.loginpagetests.PositiveLoginTests@5e0826e7]" started-at="2026-03-14T19:24:00 ADT" name="logInTest" finished-at="2026-03-14T19:24:02 ADT" duration-ms="1800" status="PASS">
          <reporter-output>
          </reporter-output>
        </test-method> <!-- logInTest -->
        <test-method is-config="true" signature="tearDown()[pri:0, instance:com.herokuapp.theinternet.loginpagetests.PositiveLoginTests@5e0826e7]" started-at="2026-03-14T19:24:02 ADT" name="tearDown" finished-at="2026-03-14T19:24:02 ADT" duration-ms="135" status="PASS">
          <reporter-output>
          </reporter-output>
        </test-method> <!-- tearDown -->
      </class> <!-- com.herokuapp.theinternet.loginpagetests.PositiveLoginTests -->
    </test> <!-- PositiveLoginTest -->
    <test started-at="2026-03-14T19:24:02 ADT" name="AlertsTest" finished-at="2026-03-14T19:24:09 ADT" duration-ms="7276">
      <class name="com.herokuapp.theinternet.alertspagetests.JavaScriptAlertsTests">
        <test-method is-config="true" signature="setUp(java.lang.reflect.Method,java.lang.String,org.testng.ITestContext)[pri:0, instance:com.herokuapp.theinternet.alertspagetests.JavaScriptAlertsTests@6302bbb1]" started-at="2026-03-14T19:24:02 ADT" name="setUp" finished-at="2026-03-14T19:24:02 ADT" duration-ms="762" status="PASS">
          <params>
            <param index="0">
              <value>
                <![CDATA[public void com.herokuapp.theinternet.alertspagetests.JavaScriptAlertsTests.jsAlertTest()]]>
              </value>
            </param>
            <param index="1">
              <value>
                <![CDATA[chrome]]>
              </value>
            </param>
            <param index="2">
              <value>
                <![CDATA[org.testng.TestRunner@7544ac86]]>
              </value>
            </param>
          </params>
          <reporter-output>
          </reporter-output>
        </test-method> <!-- setUp -->
        <test-method signature="jsAlertTest()[pri:0, instance:com.herokuapp.theinternet.alertspagetests.JavaScriptAlertsTests@6302bbb1]" started-at="2026-03-14T19:24:02 ADT" name="jsAlertTest" finished-at="2026-03-14T19:24:03 ADT" duration-ms="957" status="PASS">
          <reporter-output>
          </reporter-output>
        </test-method> <!-- jsAlertTest -->
        <test-method is-config="true" signature="tearDown()[pri:0, instance:com.herokuapp.theinternet.alertspagetests.JavaScriptAlertsTests@6302bbb1]" started-at="2026-03-14T19:24:03 ADT" name="tearDown" finished-at="2026-03-14T19:24:04 ADT" duration-ms="175" status="PASS">
          <reporter-output>
          </reporter-output>
        </test-method> <!-- tearDown -->
        <test-method is-config="true" signature="setUp(java.lang.reflect.Method,java.lang.String,org.testng.ITestContext)[pri:0, instance:com.herokuapp.theinternet.alertspagetests.JavaScriptAlertsTests@6302bbb1]" started-at="2026-03-14T19:24:04 ADT" name="setUp" finished-at="2026-03-14T19:24:04 ADT" duration-ms="686" status="PASS">
          <params>
            <param index="0">
              <value>
                <![CDATA[public void com.herokuapp.theinternet.alertspagetests.JavaScriptAlertsTests.jsConirmTestAccept()]]>
              </value>
            </param>
            <param index="1">
              <value>
                <![CDATA[chrome]]>
              </value>
            </param>
            <param index="2">
              <value>
                <![CDATA[org.testng.TestRunner@7544ac86]]>
              </value>
            </param>
          </params>
          <reporter-output>
          </reporter-output>
        </test-method> <!-- setUp -->
        <test-method signature="jsConirmTestAccept()[pri:0, instance:com.herokuapp.theinternet.alertspagetests.JavaScriptAlertsTests@6302bbb1]" started-at="2026-03-14T19:24:04 ADT" name="jsConirmTestAccept" finished-at="2026-03-14T19:24:05 ADT" duration-ms="872" status="PASS">
          <reporter-output>
          </reporter-output>
        </test-method> <!-- jsConirmTestAccept -->
        <test-method is-config="true" signature="tearDown()[pri:0, instance:com.herokuapp.theinternet.alertspagetests.JavaScriptAlertsTests@6302bbb1]" started-at="2026-03-14T19:24:05 ADT" name="tearDown" finished-at="2026-03-14T19:24:05 ADT" duration-ms="189" status="PASS">
          <reporter-output>
          </reporter-output>
        </test-method> <!-- tearDown -->
        <test-method is-config="true" signature="setUp(java.lang.reflect.Method,java.lang.String,org.testng.ITestContext)[pri:0, instance:com.herokuapp.theinternet.alertspagetests.JavaScriptAlertsTests@6302bbb1]" started-at="2026-03-14T19:24:05 ADT" name="setUp" finished-at="2026-03-14T19:24:06 ADT" duration-ms="710" status="PASS">
          <params>
            <param index="0">
              <value>
                <![CDATA[public void com.herokuapp.theinternet.alertspagetests.JavaScriptAlertsTests.jsConirmTestDismiss()]]>
              </value>
            </param>
            <param index="1">
              <value>
                <![CDATA[chrome]]>
              </value>
            </param>
            <param index="2">
              <value>
                <![CDATA[org.testng.TestRunner@7544ac86]]>
              </value>
            </param>
          </params>
          <reporter-output>
          </reporter-output>
        </test-method> <!-- setUp -->
        <test-method signature="jsConirmTestDismiss()[pri:0, instance:com.herokuapp.theinternet.alertspagetests.JavaScriptAlertsTests@6302bbb1]" started-at="2026-03-14T19:24:06 ADT" name="jsConirmTestDismiss" finished-at="2026-03-14T19:24:07 ADT" duration-ms="953" status="PASS">
          <reporter-output>
          </reporter-output>
        </test-method> <!-- jsConirmTestDismiss -->
        <test-method is-config="true" signature="tearDown()[pri:0, instance:com.herokuapp.theinternet.alertspagetests.JavaScriptAlertsTests@6302bbb1]" started-at="2026-03-14T19:24:07 ADT" name="tearDown" finished-at="2026-03-14T19:24:07 ADT" duration-ms="155" status="PASS">
          <reporter-output>
          </reporter-output>
        </test-method> <!-- tearDown -->
        <test-method is-config="true" signature="setUp(java.lang.reflect.Method,java.lang.String,org.testng.ITestContext)[pri:0, instance:com.herokuapp.theinternet.alertspagetests.JavaScriptAlertsTests@6302bbb1]" started-at="2026-03-14T19:24:07 ADT" name="setUp" finished-at="2026-03-14T19:24:08 ADT" duration-ms="717" status="PASS">
          <params>
            <param index="0">
              <value>
                <![CDATA[public void com.herokuapp.theinternet.alertspagetests.JavaScriptAlertsTests.jsPromptTest()]]>
              </value>
            </param>
            <param index="1">
              <value>
                <![CDATA[chrome]]>
              </value>
            </param>
            <param index="2">
              <value>
                <![CDATA[org.testng.TestRunner@7544ac86]]>
              </value>
            </param>
          </params>
          <reporter-output>
          </reporter-output>
        </test-method> <!-- setUp -->
        <test-method signature="jsPromptTest()[pri:0, instance:com.herokuapp.theinternet.alertspagetests.JavaScriptAlertsTests@6302bbb1]" started-at="2026-03-14T19:24:08 ADT" name="jsPromptTest" finished-at="2026-03-14T19:24:09 ADT" duration-ms="935" status="FAIL">
          <exception class="java.lang.AssertionError">
            <message>
              <![CDATA[The following asserts failed:
Alert Message is not correct. 
Should be 'I am a JS prompt', but it is 'I am a JS prompt[FAIL]' expected [true] but found [false],
Result is not expected. 
Should be You entered: Hello Alert, it's Svetlana here, but it is 'You entered: Hello Alert, it's Svetlana here[FAIL]' expected [true] but found [false]]]>
            </message>
            <full-stacktrace>
              <![CDATA[java.lang.AssertionError: The following asserts failed:
Alert Message is not correct. 
Should be 'I am a JS prompt', but it is 'I am a JS prompt[FAIL]' expected [true] but found [false],
Result is not expected. 
Should be You entered: Hello Alert, it's Svetlana here, but it is 'You entered: Hello Alert, it's Svetlana here[FAIL]' expected [true] but found [false]
at org.testng.asserts.SoftAssert.assertAll(SoftAssert.java:46)
at org.testng.asserts.SoftAssert.assertAll(SoftAssert.java:30)
at com.herokuapp.theinternet.alertspagetests.JavaScriptAlertsTests.jsPromptTest(JavaScriptAlertsTests.java:161)
at java.base/jdk.internal.reflect.DirectMethodHandleAccessor.invoke(DirectMethodHandleAccessor.java:103)
at java.base/java.lang.reflect.Method.invoke(Method.java:580)
at org.testng.internal.invokers.MethodInvocationHelper.invokeMethod(MethodInvocationHelper.java:141)
at org.testng.internal.invokers.TestInvoker.invokeMethod(TestInvoker.java:697)
at org.testng.internal.invokers.TestInvoker.invokeTestMethod(TestInvoker.java:230)
at org.testng.internal.invokers.MethodRunner.runInSequence(MethodRunner.java:63)
at org.testng.internal.invokers.TestInvoker$MethodInvocationAgent.invoke(TestInvoker.java:1005)
at org.testng.internal.invokers.TestInvoker.invokeTestMethods(TestInvoker.java:203)
at org.testng.internal.invokers.TestMethodWorker.invokeTestMethods(TestMethodWorker.java:154)
at org.testng.internal.invokers.TestMethodWorker.run(TestMethodWorker.java:134)
at java.base/java.util.ArrayList.forEach(ArrayList.java:1597)
at org.testng.TestRunner.privateRun(TestRunner.java:744)
at org.testng.TestRunner.run(TestRunner.java:616)
at org.testng.SuiteRunner.runTest(SuiteRunner.java:421)
at org.testng.SuiteRunner.runSequentially(SuiteRunner.java:413)
at org.testng.SuiteRunner.privateRun(SuiteRunner.java:373)
at org.testng.SuiteRunner.run(SuiteRunner.java:312)
at org.testng.SuiteRunnerWorker.runSuite(SuiteRunnerWorker.java:52)
at org.testng.SuiteRunnerWorker.run(SuiteRunnerWorker.java:95)
at org.testng.TestNG.runSuitesSequentially(TestNG.java:1274)
at org.testng.TestNG.runSuitesLocally(TestNG.java:1208)
at org.testng.TestNG.runSuites(TestNG.java:1112)
at org.testng.TestNG.run(TestNG.java:1079)
at org.apache.maven.surefire.testng.TestNGExecutor.run(TestNGExecutor.java:283)
at org.apache.maven.surefire.testng.TestNGXmlTestSuite.execute(TestNGXmlTestSuite.java:75)
at org.apache.maven.surefire.testng.TestNGProvider.invoke(TestNGProvider.java:120)
at org.apache.maven.surefire.booter.ForkedBooter.invokeProviderInSameClassLoader(ForkedBooter.java:383)
at org.apache.maven.surefire.booter.ForkedBooter.runSuitesInProcess(ForkedBooter.java:344)
at org.apache.maven.surefire.booter.ForkedBooter.execute(ForkedBooter.java:125)
at org.apache.maven.surefire.booter.ForkedBooter.main(ForkedBooter.java:417)
]]>
            </full-stacktrace>
          </exception> <!-- java.lang.AssertionError -->
          <reporter-output>
          </reporter-output>
        </test-method> <!-- jsPromptTest -->
        <test-method is-config="true" signature="tearDown()[pri:0, instance:com.herokuapp.theinternet.alertspagetests.JavaScriptAlertsTests@6302bbb1]" started-at="2026-03-14T19:24:09 ADT" name="tearDown" finished-at="2026-03-14T19:24:09 ADT" duration-ms="157" status="PASS">
          <reporter-output>
          </reporter-output>
        </test-method> <!-- tearDown -->
      </class> <!-- com.herokuapp.theinternet.alertspagetests.JavaScriptAlertsTests -->
    </test> <!-- AlertsTest -->
    <test started-at="2026-03-14T19:24:09 ADT" name="FileUploaderTest" finished-at="2026-03-14T19:24:16 ADT" duration-ms="7148">
      <class name="com.herokuapp.theinternet.fileuploaderpagetests.FileUploaderTests">
        <test-method is-config="true" signature="setUp(java.lang.reflect.Method,java.lang.String,org.testng.ITestContext)[pri:0, instance:com.herokuapp.theinternet.fileuploaderpagetests.FileUploaderTests@1aafa419]" started-at="2026-03-14T19:24:09 ADT" name="setUp" finished-at="2026-03-14T19:24:10 ADT" duration-ms="776" status="PASS">
          <params>
            <param index="0">
              <value>
                <![CDATA[public void com.herokuapp.theinternet.fileuploaderpagetests.FileUploaderTests.fileUploadTest(int,java.lang.String)]]>
              </value>
            </param>
            <param index="1">
              <value>
                <![CDATA[chrome]]>
              </value>
            </param>
            <param index="2">
              <value>
                <![CDATA[org.testng.TestRunner@3b27b497]]>
              </value>
            </param>
          </params>
          <reporter-output>
          </reporter-output>
        </test-method> <!-- setUp -->
        <test-method signature="fileUploadTest(int,java.lang.String)[pri:0, instance:com.herokuapp.theinternet.fileuploaderpagetests.FileUploaderTests@1aafa419]" started-at="2026-03-14T19:24:10 ADT" name="fileUploadTest" data-provider="files" finished-at="2026-03-14T19:24:11 ADT" duration-ms="854" status="PASS">
          <params>
            <param index="0">
              <value>
                <![CDATA[1]]>
              </value>
            </param>
            <param index="1">
              <value>
                <![CDATA[bicycle.pdf]]>
              </value>
            </param>
          </params>
          <reporter-output>
          </reporter-output>
        </test-method> <!-- fileUploadTest -->
        <test-method is-config="true" signature="tearDown()[pri:0, instance:com.herokuapp.theinternet.fileuploaderpagetests.FileUploaderTests@1aafa419]" started-at="2026-03-14T19:24:11 ADT" name="tearDown" finished-at="2026-03-14T19:24:11 ADT" duration-ms="180" status="PASS">
          <reporter-output>
          </reporter-output>
        </test-method> <!-- tearDown -->
        <test-method is-config="true" signature="setUp(java.lang.reflect.Method,java.lang.String,org.testng.ITestContext)[pri:0, instance:com.herokuapp.theinternet.fileuploaderpagetests.FileUploaderTests@1aafa419]" started-at="2026-03-14T19:24:11 ADT" name="setUp" finished-at="2026-03-14T19:24:11 ADT" duration-ms="679" status="PASS">
          <params>
            <param index="0">
              <value>
                <![CDATA[public void com.herokuapp.theinternet.fileuploaderpagetests.FileUploaderTests.fileUploadTest(int,java.lang.String)]]>
              </value>
            </param>
            <param index="1">
              <value>
                <![CDATA[chrome]]>
              </value>
            </param>
            <param index="2">
              <value>
                <![CDATA[org.testng.TestRunner@3b27b497]]>
              </value>
            </param>
          </params>
          <reporter-output>
          </reporter-output>
        </test-method> <!-- setUp -->
        <test-method signature="fileUploadTest(int,java.lang.String)[pri:0, instance:com.herokuapp.theinternet.fileuploaderpagetests.FileUploaderTests@1aafa419]" started-at="2026-03-14T19:24:11 ADT" name="fileUploadTest" data-provider="files" finished-at="2026-03-14T19:24:13 ADT" duration-ms="1083" status="PASS">
          <params>
            <param index="0">
              <value>
                <![CDATA[2]]>
              </value>
            </param>
            <param index="1">
              <value>
                <![CDATA[filya.jpg]]>
              </value>
            </param>
          </params>
          <reporter-output>
          </reporter-output>
        </test-method> <!-- fileUploadTest -->
        <test-method is-config="true" signature="tearDown()[pri:0, instance:com.herokuapp.theinternet.fileuploaderpagetests.FileUploaderTests@1aafa419]" started-at="2026-03-14T19:24:13 ADT" name="tearDown" finished-at="2026-03-14T19:24:13 ADT" duration-ms="152" status="PASS">
          <reporter-output>
          </reporter-output>
        </test-method> <!-- tearDown -->
        <test-method is-config="true" signature="setUp(java.lang.reflect.Method,java.lang.String,org.testng.ITestContext)[pri:0, instance:com.herokuapp.theinternet.fileuploaderpagetests.FileUploaderTests@1aafa419]" started-at="2026-03-14T19:24:13 ADT" name="setUp" finished-at="2026-03-14T19:24:13 ADT" duration-ms="766" status="PASS">
          <params>
            <param index="0">
              <value>
                <![CDATA[public void com.herokuapp.theinternet.fileuploaderpagetests.FileUploaderTests.fileUploadTest(int,java.lang.String)]]>
              </value>
            </param>
            <param index="1">
              <value>
                <![CDATA[chrome]]>
              </value>
            </param>
            <param index="2">
              <value>
                <![CDATA[org.testng.TestRunner@3b27b497]]>
              </value>
            </param>
          </params>
          <reporter-output>
          </reporter-output>
        </test-method> <!-- setUp -->
        <test-method signature="fileUploadTest(int,java.lang.String)[pri:0, instance:com.herokuapp.theinternet.fileuploaderpagetests.FileUploaderTests@1aafa419]" started-at="2026-03-14T19:24:13 ADT" name="fileUploadTest" data-provider="files" finished-at="2026-03-14T19:24:14 ADT" duration-ms="862" status="PASS">
          <params>
            <param index="0">
              <value>
                <![CDATA[3]]>
              </value>
            </param>
            <param index="1">
              <value>
                <![CDATA[index.html]]>
              </value>
            </param>
          </params>
          <reporter-output>
          </reporter-output>
        </test-method> <!-- fileUploadTest -->
        <test-method is-config="true" signature="tearDown()[pri:0, instance:com.herokuapp.theinternet.fileuploaderpagetests.FileUploaderTests@1aafa419]" started-at="2026-03-14T19:24:14 ADT" name="tearDown" finished-at="2026-03-14T19:24:14 ADT" duration-ms="157" status="PASS">
          <reporter-output>
          </reporter-output>
        </test-method> <!-- tearDown -->
        <test-method is-config="true" signature="setUp(java.lang.reflect.Method,java.lang.String,org.testng.ITestContext)[pri:0, instance:com.herokuapp.theinternet.fileuploaderpagetests.FileUploaderTests@1aafa419]" started-at="2026-03-14T19:24:14 ADT" name="setUp" finished-at="2026-03-14T19:24:15 ADT" duration-ms="694" status="PASS">
          <params>
            <param index="0">
              <value>
                <![CDATA[public void com.herokuapp.theinternet.fileuploaderpagetests.FileUploaderTests.fileUploadTest(int,java.lang.String)]]>
              </value>
            </param>
            <param index="1">
              <value>
                <![CDATA[chrome]]>
              </value>
            </param>
            <param index="2">
              <value>
                <![CDATA[org.testng.TestRunner@3b27b497]]>
              </value>
            </param>
          </params>
          <reporter-output>
          </reporter-output>
        </test-method> <!-- setUp -->
        <test-method signature="fileUploadTest(int,java.lang.String)[pri:0, instance:com.herokuapp.theinternet.fileuploaderpagetests.FileUploaderTests@1aafa419]" started-at="2026-03-14T19:24:15 ADT" name="fileUploadTest" data-provider="files" finished-at="2026-03-14T19:24:16 ADT" duration-ms="770" status="PASS">
          <params>
            <param index="0">
              <value>
                <![CDATA[4]]>
              </value>
            </param>
            <param index="1">
              <value>
                <![CDATA[xpath.txt]]>
              </value>
            </param>
          </params>
          <reporter-output>
          </reporter-output>
        </test-method> <!-- fileUploadTest -->
        <test-method is-config="true" signature="tearDown()[pri:0, instance:com.herokuapp.theinternet.fileuploaderpagetests.FileUploaderTests@1aafa419]" started-at="2026-03-14T19:24:16 ADT" name="tearDown" finished-at="2026-03-14T19:24:16 ADT" duration-ms="168" status="PASS">
          <reporter-output>
          </reporter-output>
        </test-method> <!-- tearDown -->
      </class> <!-- com.herokuapp.theinternet.fileuploaderpagetests.FileUploaderTests -->
    </test> <!-- FileUploaderTest -->
  </suite> <!-- SmokeTestSuite -->
</testng-results>
