<?xml version="1.0" encoding="UTF-8"?>
<!-- Generated by org.testng.reporters.JUnitXMLReporter -->
<testsuite ignored="0" hostname="Svetlana" failures="1" tests="1" name="JSErrorTest" time="1.721" errors="0" timestamp="2026-03-11T15:17:49 ADT">
  <testcase classname="com.herokuapp.theinternet.jserrorpagetests.JSErrorTests" name="jsErrorTest" time="0.325">
    <failure type="java.lang.AssertionError" message="The following asserts failed:
	Severe error: https://the-internet.herokuapp.com/javascript_error 6:51 Uncaught TypeError: Cannot read properties of undefined (reading &amp;apos;xyz&amp;apos;)">
      <![CDATA[java.lang.AssertionError: The following asserts failed:
Severe error: https://the-internet.herokuapp.com/javascript_error 6:51 Uncaught TypeError: Cannot read properties of undefined (reading 'xyz')
at com.herokuapp.theinternet.jserrorpagetests.JSErrorTests.jsErrorTest(JSErrorTests.java:34)
at java.base/java.util.ArrayList.forEach(ArrayList.java:1597)
... Removed 27 stack frames]]>
    </failure>
  </testcase> <!-- jsErrorTest -->
</testsuite> <!-- JSErrorTest -->
