<?xml version="1.0" encoding="UTF-8"?>
<!-- Generated by org.testng.reporters.JUnitXMLReporter -->
<testsuite ignored="0" hostname="Svetlana" failures="0" tests="4" name="NestedFramesTest" time="7.417" errors="0" timestamp="2026-03-03T22:33:54 AST">
  <testcase classname="com.herokuapp.theinternet.nestedframespagetests.NestedFramesTests" name="bottomFrameGetText" time="0.98"/>
  <testcase classname="com.herokuapp.theinternet.nestedframespagetests.NestedFramesTests" name="leftFrameGetText" time="0.814"/>
  <testcase classname="com.herokuapp.theinternet.nestedframespagetests.NestedFramesTests" name="middleFrameGetText" time="0.936"/>
  <testcase classname="com.herokuapp.theinternet.nestedframespagetests.NestedFramesTests" name="rightFrameGetText" time="0.893"/>
</testsuite> <!-- NestedFramesTest -->
