<?xml version="1.0" encoding="UTF-8"?>
<!-- Generated by org.testng.reporters.JUnitReportReporter -->
<testsuite hostname="Svetlana" failures="0" tests="4" name="com.herokuapp.theinternet.loginpagetest.NegativeLoginTests" time="21.208" errors="0" timestamp="2026-02-27T16:44:43 AST" skipped="0">
  <testcase classname="com.herokuapp.theinternet.loginpagetest.NegativeLoginTests" name="negativeTest" time="3.347"/>
  <testcase classname="com.herokuapp.theinternet.loginpagetest.NegativeLoginTests" name="negativeTest" time="6.998"/>
  <testcase classname="com.herokuapp.theinternet.loginpagetest.NegativeLoginTests" name="negativeTest" time="3.310"/>
  <testcase classname="com.herokuapp.theinternet.loginpagetest.NegativeLoginTests" name="negativeTest" time="7.553"/>
</testsuite> <!-- com.herokuapp.theinternet.loginpagetest.NegativeLoginTests -->
