<?xml version="1.0" encoding="UTF-8"?>
<!-- Generated by org.testng.reporters.JUnitReportReporter -->
<testsuite hostname="Svetlana" failures="0" tests="3" name="com.ultimateqa.alertspagetests.JavaScriptAlertsTests" time="5.532" errors="0" timestamp="2026-03-02T13:43:24 AST" skipped="0">
  <testcase classname="com.ultimateqa.alertspagetests.JavaScriptAlertsTests" name="jsAlertTest" time="1.689"/>
  <testcase classname="com.ultimateqa.alertspagetests.JavaScriptAlertsTests" name="jsPromptTest" time="1.619"/>
  <testcase classname="com.ultimateqa.alertspagetests.JavaScriptAlertsTests" name="jsConirmTest" time="2.224"/>
</testsuite> <!-- com.ultimateqa.alertspagetests.JavaScriptAlertsTests -->
