<?xml version="1.0" encoding="UTF-8"?>
<!-- Generated by org.testng.reporters.JUnitReportReporter -->
<testsuite hostname="Svetlana" failures="0" tests="4" name="com.herokuapp.theinternet.NegativeTests" time="12.158" errors="0" timestamp="2026-02-25T16:47:44 AST" skipped="0">
  <testcase classname="com.herokuapp.theinternet.NegativeTests" name="negativeTest" time="1.923"/>
  <testcase classname="com.herokuapp.theinternet.NegativeTests" name="negativeTest" time="3.777"/>
  <testcase classname="com.herokuapp.theinternet.NegativeTests" name="negativeTest" time="4.177"/>
  <testcase classname="com.herokuapp.theinternet.NegativeTests" name="negativeTest" time="2.281"/>
</testsuite> <!-- com.herokuapp.theinternet.NegativeTests -->
