<?xml version="1.0" encoding="UTF-8"?>
<!-- Generated by org.testng.reporters.JUnitReportReporter -->
<testsuite hostname="Svetlana" failures="0" tests="2" name="com.herokuapp.theinternet.draganddroptests.DragAndDropTests" time="5.805" errors="0" timestamp="2026-03-05T15:33:29 AST" skipped="0">
  <testcase classname="com.herokuapp.theinternet.draganddroptests.DragAndDropTests" name="dragAndDropAtoB" time="2.077"/>
  <testcase classname="com.herokuapp.theinternet.draganddroptests.DragAndDropTests" name="dragAndDropAtoB" time="3.728"/>
</testsuite> <!-- com.herokuapp.theinternet.draganddroptests.DragAndDropTests -->
