<?xml version="1.0" encoding="UTF-8"?>
<!-- Generated by org.testng.reporters.JUnitReportReporter -->
<testsuite hostname="Svetlana" failures="0" tests="1" name="com.herokuapp.theinternet.newwindowpagetests.NewWindowPageTests" time="2.329" errors="0" timestamp="2026-03-02T22:11:30 AST" skipped="0">
  <testcase classname="com.herokuapp.theinternet.newwindowpagetests.NewWindowPageTests" name="openNewWindowPageTest" time="2.329"/>
</testsuite> <!-- com.herokuapp.theinternet.newwindowpagetests.NewWindowPageTests -->
