<?xml version="1.0" encoding="UTF-8"?>
<!-- Generated by org.testng.reporters.JUnitReportReporter -->
<testsuite hostname="Svetlana" failures="0" tests="2" name="com.herokuapp.theinternet.hoverspagetests.HoversTests" time="6.383" errors="0" timestamp="2026-03-06T14:40:54 AST" skipped="0">
  <testcase classname="com.herokuapp.theinternet.hoverspagetests.HoversTests" name="hoverProfileTest" time="3.974"/>
  <testcase classname="com.herokuapp.theinternet.hoverspagetests.HoversTests" name="hoverProfileTest" time="2.409"/>
</testsuite> <!-- com.herokuapp.theinternet.hoverspagetests.HoversTests -->
