<?xml version="1.0" encoding="UTF-8"?>
<!-- Generated by org.testng.reporters.JUnitReportReporter -->
<testsuite hostname="Svetlana" failures="0" tests="4" name="com.herokuapp.theinternet.nestedframespagetests.NestedFramesTests" time="7.387" errors="0" timestamp="2026-03-03T22:33:54 AST" skipped="0">
  <testcase classname="com.herokuapp.theinternet.nestedframespagetests.NestedFramesTests" name="middleFrameGetText" time="1.756"/>
  <testcase classname="com.herokuapp.theinternet.nestedframespagetests.NestedFramesTests" name="leftFrameGetText" time="1.621"/>
  <testcase classname="com.herokuapp.theinternet.nestedframespagetests.NestedFramesTests" name="rightFrameGetText" time="1.659"/>
  <testcase classname="com.herokuapp.theinternet.nestedframespagetests.NestedFramesTests" name="bottomFrameGetText" time="2.351"/>
</testsuite> <!-- com.herokuapp.theinternet.nestedframespagetests.NestedFramesTests -->
