<?xml version="1.0" encoding="UTF-8"?>
<!-- Generated by org.testng.reporters.JUnitReportReporter -->
<testsuite hostname="Svetlana" failures="0" tests="4" name="com.herokuapp.theinternet.fileuploaderpagetests.FileUploaderTests" time="7.015" errors="0" timestamp="2026-03-11T16:46:35 ADT" skipped="0">
  <testcase classname="com.herokuapp.theinternet.fileuploaderpagetests.FileUploaderTests" name="fileUploadTest" time="1.927"/>
  <testcase classname="com.herokuapp.theinternet.fileuploaderpagetests.FileUploaderTests" name="fileUploadTest" time="1.685"/>
  <testcase classname="com.herokuapp.theinternet.fileuploaderpagetests.FileUploaderTests" name="fileUploadTest" time="1.652"/>
  <testcase classname="com.herokuapp.theinternet.fileuploaderpagetests.FileUploaderTests" name="fileUploadTest" time="1.751"/>
</testsuite> <!-- com.herokuapp.theinternet.fileuploaderpagetests.FileUploaderTests -->
