<?xml version="1.0" encoding="UTF-8"?>
<!-- Generated by org.testng.reporters.JUnitReportReporter -->
<testsuite hostname="Svetlana" failures="0" tests="2" name="com.herokuapp.theinternetkeypressestests.KeyPressesTests" time="5.583" errors="0" timestamp="2026-03-04T16:11:03 AST" skipped="0">
  <testcase classname="com.herokuapp.theinternetkeypressestests.KeyPressesTests" name="pressKeyWithActionTest" time="2.225"/>
  <testcase classname="com.herokuapp.theinternetkeypressestests.KeyPressesTests" name="pressKeyTest" time="3.358"/>
</testsuite> <!-- com.herokuapp.theinternetkeypressestests.KeyPressesTests -->
