<?xml version="1.0" encoding="UTF-8"?>
<!-- Generated by org.testng.reporters.JUnitXMLReporter -->
<testsuite ignored="0" hostname="Svetlana" failures="0" tests="4" name="FileUploaderTest" time="7.655" errors="0" timestamp="2026-03-10T12:23:12 ADT">
  <testcase classname="com.herokuapp.theinternet.fileuploaderpagetests.FileUploaderTests" name="fileUploadTest" time="0.848"/>
  <testcase classname="com.herokuapp.theinternet.fileuploaderpagetests.FileUploaderTests" name="fileUploadTest" time="1.181"/>
  <testcase classname="com.herokuapp.theinternet.fileuploaderpagetests.FileUploaderTests" name="fileUploadTest" time="0.796"/>
  <testcase classname="com.herokuapp.theinternet.fileuploaderpagetests.FileUploaderTests" name="fileUploadTest" time="0.712"/>
</testsuite> <!-- FileUploaderTest -->
