<?xml version="1.0" encoding="UTF-8"?>
<!-- Generated by org.testng.reporters.JUnitXMLReporter -->
<testsuite ignored="0" hostname="Svetlana" failures="0" tests="5" name="NegativeLoginTest-CH" time="11.382" errors="0" timestamp="2026-03-11T17:39:13 ADT">
  <testcase classname="com.herokuapp.theinternet.loginpagetests.NegativeLoginTests" name="negativeLoginTest" time="1.141"/>
  <testcase classname="com.herokuapp.theinternet.loginpagetests.NegativeLoginTests" name="negativeLoginTest" time="1.577"/>
  <testcase classname="com.herokuapp.theinternet.loginpagetests.NegativeLoginTests" name="negativeLoginTest" time="1.228"/>
  <testcase classname="com.herokuapp.theinternet.loginpagetests.NegativeLoginTests" name="negativeLoginTest" time="1.538"/>
  <testcase classname="com.herokuapp.theinternet.loginpagetests.NegativeLoginTests" name="negativeLoginTest" time="1.148"/>
</testsuite> <!-- NegativeLoginTest-CH -->
